[INFO] 23:15:37:804 filesystem_main/(9006:9006): Listo para escuchar a mi cliente
[INFO] 23:15:41:936 filesystem_main/(9006:9006): Cliente conectado (a Filesystem)

[INFO] 23:15:41:937 filesystem_main/(9006:9006): Me llego el mensaje: Hola, Soy Kernel!
[INFO] 23:26:38:672 filesystem_main/(10033:10033): Listo para escuchar a mi cliente
[INFO] 23:26:43:499 filesystem_main/(10033:10033): Cliente conectado (a Filesystem)

[INFO] 23:26:43:501 filesystem_main/(10033:10033): Me llego el mensaje: Hola, Soy Kernel!
[INFO] 00:02:20:138 filesystem_main/(12276:12276): Listo para escuchar a mi cliente
[INFO] 00:02:24:911 filesystem_main/(12276:12276): Cliente conectado (a Filesystem)

[INFO] 00:02:24:912 filesystem_main/(12276:12276): Me llego el mensaje: Hola, Soy Kernel!
[INFO] 23:37:07:365 filesystem_main/(2223:2223): Listo para escuchar a mi cliente
[INFO] 23:37:13:957 filesystem_main/(2223:2223): Cliente conectado (a Filesystem)

[INFO] 23:37:13:957 filesystem_main/(2223:2223): Me llego el mensaje: Hola, Soy Kernel!
[INFO] 21:48:04:460 filesystem_main/(2414:2414): Listo para escuchar a mi cliente
[INFO] 21:51:45:709 filesystem_main/(2765:2765): Listo para escuchar a mi cliente
[INFO] 21:51:56:494 filesystem_main/(2765:2772): Cliente conectado a Filesystem

[INFO] 21:51:56:494 filesystem_main/(2765:2772): Me llego el mensaje: Hola, Soy Kernel!
[INFO] 21:53:04:388 filesystem_main/(2765:2772): El cliente se desconecto de Filesystem server
[INFO] 22:13:40:507 filesystem_main/(4180:4180): Listo para escuchar a mi cliente
[INFO] 22:13:44:765 filesystem_main/(4180:4186): Cliente conectado a Filesystem

[INFO] 22:13:44:766 filesystem_main/(4180:4186): Me llego el mensaje: Hola, Soy Kernel!
[INFO] 22:15:18:536 filesystem_main/(4180:4186): El cliente se desconecto de Filesystem server
[INFO] 22:16:56:795 filesystem_main/(4360:4360): Listo para escuchar a mi cliente
[INFO] 22:17:05:229 filesystem_main/(4360:4366): Cliente conectado a Filesystem

[INFO] 22:17:05:232 filesystem_main/(4360:4366): Me llego el mensaje: Hola, Soy Kernel!
[INFO] 22:18:03:131 filesystem_main/(4360:4366): El cliente se desconecto de Filesystem server
[INFO] 22:18:19:094 filesystem_main/(4544:4544): Listo para escuchar a mi cliente
[INFO] 22:18:29:640 filesystem_main/(4544:4551): Cliente conectado a Filesystem

[INFO] 22:18:29:645 filesystem_main/(4544:4551): Me llego el mensaje: Hola, Soy Kernel!
[INFO] 22:19:16:994 filesystem_main/(4544:4551): El cliente se desconecto de Filesystem server
[INFO] 22:26:53:576 filesystem_main/(4736:4736): Listo para escuchar a mi cliente
[INFO] 22:27:01:076 filesystem_main/(4736:4743): Cliente conectado a Filesystem

[INFO] 22:27:01:076 filesystem_main/(4736:4743): Me llego el mensaje: Hola, Soy Kernel!
[INFO] 22:31:10:996 filesystem_main/(4736:4743): El cliente se desconecto de Filesystem server
[INFO] 22:31:29:628 filesystem_main/(4908:4908): Listo para escuchar a mi cliente
[INFO] 22:37:10:827 filesystem_main/(5367:5367): Listo para escuchar a mi cliente
[INFO] 22:37:19:360 filesystem_main/(5367:5373): Cliente conectado a Filesystem

[INFO] 22:37:19:362 filesystem_main/(5367:5373): Me llego el mensaje: Hola, Soy Kernel!
[INFO] 22:42:19:240 filesystem_main/(5779:5779): Listo para escuchar a mi cliente
[INFO] 22:42:44:049 filesystem_main/(5367:5373): El cliente se desconecto de Filesystem server
[INFO] 22:42:55:827 filesystem_main/(5862:5862): Listo para escuchar a mi cliente
[INFO] 22:43:02:266 filesystem_main/(5862:5868): Cliente conectado a Filesystem

[INFO] 22:43:02:272 filesystem_main/(5862:5868): Me llego el mensaje: Hola, Soy Kernel!
[INFO] 22:43:22:194 filesystem_main/(5862:5868): El cliente se desconecto de Filesystem server
[INFO] 22:43:46:240 filesystem_main/(5938:5938): Listo para escuchar a mi cliente
[INFO] 22:43:58:532 filesystem_main/(5938:5945): Cliente conectado a Filesystem

[INFO] 22:43:58:532 filesystem_main/(5938:5945): Me llego el mensaje: Hola, Soy Kernel!
[INFO] 22:44:23:819 filesystem_main/(5938:5945): El cliente se desconecto de Filesystem server
[INFO] 22:45:08:062 filesystem_main/(5999:5999): Listo para escuchar a mi cliente
[INFO] 22:45:16:834 filesystem_main/(5999:6005): Cliente conectado a Filesystem

[INFO] 22:45:16:835 filesystem_main/(5999:6005): Me llego el mensaje: Hola, Soy Kernel!
[INFO] 22:46:40:884 filesystem_main/(5999:6005): El cliente se desconecto de Filesystem server
[INFO] 22:46:58:220 filesystem_main/(6254:6254): Listo para escuchar a mi cliente
[INFO] 22:47:07:071 filesystem_main/(6254:6261): Cliente conectado a Filesystem

[INFO] 22:47:07:074 filesystem_main/(6254:6261): Me llego el mensaje: Hola, Soy Kernel!
[INFO] 22:47:40:857 filesystem_main/(6254:6261): El cliente se desconecto de Filesystem server
[INFO] 22:49:02:007 filesystem_main/(6524:6524): Listo para escuchar a mi cliente
[INFO] 22:49:13:003 filesystem_main/(6524:6530): Cliente conectado a Filesystem

[INFO] 22:49:13:004 filesystem_main/(6524:6530): Me llego el mensaje: Hola, Soy Kernel!
[INFO] 22:51:09:437 filesystem_main/(6524:6530): El cliente se desconecto de Filesystem server
[INFO] 22:58:46:030 filesystem_main/(7015:7015): Listo para escuchar a mi cliente
[INFO] 22:58:53:776 filesystem_main/(7015:7020): Cliente conectado a Filesystem

[INFO] 22:58:53:778 filesystem_main/(7015:7020): Me llego el mensaje: Hola, Soy Kernel!
[INFO] 22:58:59:618 filesystem_main/(7015:7020): El cliente se desconecto de Filesystem server
[INFO] 23:01:02:148 filesystem_main/(7243:7243): Listo para escuchar a mi cliente
[INFO] 23:01:19:182 filesystem_main/(7268:7268): Listo para escuchar a mi cliente
[INFO] 23:01:28:155 filesystem_main/(7268:7273): Cliente conectado a Filesystem

[INFO] 23:01:28:158 filesystem_main/(7268:7273): Me llego el mensaje: Hola, Soy Kernel!
[INFO] 23:08:10:026 filesystem_main/(7268:7273): El cliente se desconecto de Filesystem server
